2024-06-18T11:19:29  perf: micro-optimization
2024-07-05T18:36:36  style: formatting
2024-07-29T13:53:43  chore: bump dev tooling
2024-08-23T08:10:50  docs: expand examples
2024-09-09T15:27:57  test: strengthen coverage
2024-10-04T10:44:04  chore: tune defaults
2024-10-28T17:01:11  refactor: simplify helper
2024-12-09T12:18:18  chore: routine maintenance
2025-01-02T19:35:25  docs: clarify usage notes
2025-01-27T14:52:32  test: add edge case
2025-02-20T09:09:39  refactor: tidy internals
2025-03-10T16:26:46  fix: handle empty input gracefully
2025-04-03T11:43:53  perf: micro-optimization
2025-04-28T18:00:00  style: formatting
2025-05-15T13:17:07  chore: bump dev tooling
2025-06-09T08:34:14  docs: expand examples
2025-07-03T15:51:21  test: strengthen coverage
2025-07-27T10:08:28  chore: tune defaults
2025-09-07T17:25:35  refactor: simplify helper
2025-10-01T12:42:42  chore: routine maintenance
